<?xml version="1.0" encoding="UTF-8"?>
<!-- Generated by org.testng.reporters.JUnitXMLReporter -->
<testsuite hostname="LAPTOP-JVD1LLMC" ignored="2" name="Default test" tests="1" failures="0" timestamp="2021-11-20T02:53:29 IST" time="0.032" errors="0">
  <testcase name="enterGuestinfo" time="0.005" classname="testcases.BookingSearch"/>
  <testcase name="searchHotel" time="0.0" classname="testcases.BookingSearch">
    <ignored/>
  </testcase> <!-- searchHotel -->
  <testcase name="selectHotel" time="0.0" classname="testcases.BookingSearch">
    <ignored/>
  </testcase> <!-- selectHotel -->
</testsuite> <!-- Default test -->
