<?xml version="1.0" encoding="UTF-8"?>
<!-- Generated by org.testng.reporters.JUnitXMLReporter -->
<testsuite hostname="LAPTOP-JVD1LLMC" ignored="7" tests="0" failures="0" timestamp="2021-11-18T02:38:03 IST" time="0.005" errors="0">
  <testcase name="searchHotel" time="0.0" classname="testcases.BookingSearch">
    <ignored/>
  </testcase> <!-- searchHotel -->
  <testcase name="makePayment" time="0.0" classname="testcases.PaymentManager">
    <ignored/>
  </testcase> <!-- makePayment -->
  <testcase name="checkMobileVerification" time="0.0" classname="testcases.CustomerCommunications">
    <ignored/>
  </testcase> <!-- checkMobileVerification -->
  <testcase name="enterGuestinfo" time="0.0" classname="testcases.BookingSearch">
    <ignored/>
  </testcase> <!-- enterGuestinfo -->
  <testcase name="selectHotel" time="0.0" classname="testcases.BookingSearch">
    <ignored/>
  </testcase> <!-- selectHotel -->
  <testcase name="applyDiscount" time="0.0" classname="testcases.PaymentManager">
    <ignored/>
  </testcase> <!-- applyDiscount -->
  <testcase name="checkEmailVerfication" time="0.0" classname="testcases.CustomerCommunications">
    <ignored/>
  </testcase> <!-- checkEmailVerfication -->
</testsuite>
