<?xml version="1.0" encoding="UTF-8"?>
<!-- Generated by org.testng.reporters.JUnitXMLReporter -->
<testsuite hostname="LAPTOP-JVD1LLMC" ignored="2" name="Modify bookingTest - Apply discount - pay instant" tests="6" failures="0" timestamp="2021-11-21T02:38:54 IST" time="0.006" errors="0">
  <testcase name="loadBooking" time="0.0" classname="testcases.BookingSearch"/>
  <testcase name="selectHotel" time="0.0" classname="testcases.BookingSearch"/>
  <testcase name="enterGuestinfo" time="0.001" classname="testcases.BookingSearch"/>
  <testcase name="makePayment" time="0.001" classname="testcases.PaymentManager"/>
  <testcase name="checkEmailVerfication" time="0.001" classname="testcases.CustomerCommunications"/>
  <testcase name="checkMobileVerification" time="0.001" classname="testcases.CustomerCommunications"/>
  <testcase name="searchHotel" time="0.0" classname="testcases.BookingSearch">
    <ignored/>
  </testcase> <!-- searchHotel -->
  <testcase name="applyDiscount" time="0.0" classname="testcases.PaymentManager">
    <ignored/>
  </testcase> <!-- applyDiscount -->
</testsuite> <!-- Modify bookingTest - Apply discount - pay instant -->
