<?xml version="1.0" encoding="UTF-8"?>
<!-- Generated by org.testng.reporters.JUnitXMLReporter -->
<testsuite hostname="LAPTOP-JVD1LLMC" ignored="0" name="Test With discount " tests="7" failures="0" timestamp="2021-11-20T02:59:15 IST" time="0.033" errors="0">
  <testcase name="searchHotel" time="0.004" classname="testcases.BookingSearch"/>
  <testcase name="selectHotel" time="0.0" classname="testcases.BookingSearch"/>
  <testcase name="enterGuestinfo" time="0.0" classname="testcases.BookingSearch"/>
  <testcase name="applyDiscount" time="0.001" classname="testcases.PaymentManager"/>
  <testcase name="makePayment" time="0.001" classname="testcases.PaymentManager"/>
  <testcase name="checkEmailVerfication" time="0.001" classname="testcases.CustomerCommunications"/>
  <testcase name="checkMobileVerification" time="0.001" classname="testcases.CustomerCommunications"/>
</testsuite> <!-- Test With discount  -->
